Created by PLY version 3.4 (http://www.dabeaz.com/ply)

Grammar

Rule 0     S' -> body
Rule 1     body -> statement
Rule 2     statement -> expression
Rule 3     statement -> statement expression
Rule 4     expression -> phrase CR
Rule 5     expression -> H1 phrase CR
Rule 6     expression -> H2 phrase CR
Rule 7     expression -> H3 phrase CR
Rule 8     expression -> HR CR
Rule 9     expression -> H CR
Rule 10    expression -> hr CR
Rule 11    expression -> UL phrase CR
Rule 12    expression -> ul
Rule 13    expression -> ol
Rule 14    phrase -> factor
Rule 15    phrase -> phrase factor
Rule 16    phrase -> phrase SYMBOL
Rule 17    phrase -> phrase phrase
Rule 18    phrase -> strong_fact STRONG
Rule 19    phrase -> em_fact EM
Rule 20    phrase -> code_fact CODE
Rule 21    phrase -> anglebrac_fact RANGLEBRAC
Rule 22    phrase -> name brac_fact RBRAC
Rule 23    phrase -> codeblock_fact CODEBLOCK
Rule 24    strong_fact -> strong_fact factor
Rule 25    strong_fact -> STRONG factor
Rule 26    strong_fact -> strong_fact SYMBOL
Rule 27    em_fact -> em_fact factor
Rule 28    em_fact -> EM factor
Rule 29    em_fact -> em_fact SYMBOL
Rule 30    hr -> EM EM
Rule 31    hr -> hr EM
Rule 32    code_fact -> code_fact factor
Rule 33    code_fact -> CODE factor
Rule 34    code_fact -> code_fact SYMBOL
Rule 35    anglebrac_fact -> anglebrac_fact factor
Rule 36    anglebrac_fact -> LANGLEBRAC factor
Rule 37    anglebrac_fact -> anglebrac_fact SYMBOL
Rule 38    name_fact -> name_fact factor
Rule 39    name_fact -> LBOXBRAC factor
Rule 40    name -> name_fact RBOXBRAC
Rule 41    brac_fact -> brac_fact factor
Rule 42    brac_fact -> LBRAC factor
Rule 43    brac_fact -> brac_fact SYMBOL
Rule 44    ul_fact -> ul_fact factor
Rule 45    ul_fact -> UL factor
Rule 46    ul_fact -> ul_fact SYMBOL
Rule 47    ulli -> em_fact CR
Rule 48    ulli -> ul_fact CR
Rule 49    ul -> ul ulli
Rule 50    ul -> ulli
Rule 51    ol_fact -> ol_fact factor
Rule 52    ol_fact -> OL factor
Rule 53    ol_fact -> ol_fact SYMBOL
Rule 54    olli -> ol_fact CR
Rule 55    ol -> ol olli
Rule 56    ol -> olli
Rule 57    codeblock_fact -> codeblock_fact factor
Rule 58    codeblock_fact -> codeblock_fact CR factor
Rule 59    codeblock_fact -> CODEBLOCK CR factor
Rule 60    codeblock_fact -> CODEBLOCK factor
Rule 61    codeblock_fact -> codeblock_fact SYMBOL
Rule 62    factor -> TEXT

Terminals, with rules where they appear

CODE                 : 20 33
CODEBLOCK            : 23 59 60
CR                   : 4 5 6 7 8 9 10 11 47 48 54 58 59
EM                   : 19 28 30 30 31
H                    : 9
H1                   : 5
H2                   : 6
H3                   : 7
HR                   : 8
LANGLEBRAC           : 36
LBOXBRAC             : 39
LBRAC                : 42
OL                   : 52
RANGLEBRAC           : 21
RBOXBRAC             : 40
RBRAC                : 22
STRONG               : 18 25
SYMBOL               : 16 26 29 34 37 43 46 53 61
TEXT                 : 62
UL                   : 11 45
error                : 

Nonterminals, with rules where they appear

anglebrac_fact       : 21 35 37
body                 : 0
brac_fact            : 22 41 43
code_fact            : 20 32 34
codeblock_fact       : 23 57 58 61
em_fact              : 19 27 29 47
expression           : 2 3
factor               : 14 15 24 25 27 28 32 33 35 36 38 39 41 42 44 45 51 52 57 58 59 60
hr                   : 10 31
name                 : 22
name_fact            : 38 40
ol                   : 13 55
ol_fact              : 51 53 54
olli                 : 55 56
phrase               : 4 5 6 7 11 15 16 17 17
statement            : 1 3
strong_fact          : 18 24 26
ul                   : 12 49
ul_fact              : 44 46 48
ulli                 : 49 50

Parsing method: LALR

state 0

    (0) S' -> . body
    (1) body -> . statement
    (2) statement -> . expression
    (3) statement -> . statement expression
    (4) expression -> . phrase CR
    (5) expression -> . H1 phrase CR
    (6) expression -> . H2 phrase CR
    (7) expression -> . H3 phrase CR
    (8) expression -> . HR CR
    (9) expression -> . H CR
    (10) expression -> . hr CR
    (11) expression -> . UL phrase CR
    (12) expression -> . ul
    (13) expression -> . ol
    (14) phrase -> . factor
    (15) phrase -> . phrase factor
    (16) phrase -> . phrase SYMBOL
    (17) phrase -> . phrase phrase
    (18) phrase -> . strong_fact STRONG
    (19) phrase -> . em_fact EM
    (20) phrase -> . code_fact CODE
    (21) phrase -> . anglebrac_fact RANGLEBRAC
    (22) phrase -> . name brac_fact RBRAC
    (23) phrase -> . codeblock_fact CODEBLOCK
    (30) hr -> . EM EM
    (31) hr -> . hr EM
    (49) ul -> . ul ulli
    (50) ul -> . ulli
    (55) ol -> . ol olli
    (56) ol -> . olli
    (62) factor -> . TEXT
    (24) strong_fact -> . strong_fact factor
    (25) strong_fact -> . STRONG factor
    (26) strong_fact -> . strong_fact SYMBOL
    (27) em_fact -> . em_fact factor
    (28) em_fact -> . EM factor
    (29) em_fact -> . em_fact SYMBOL
    (32) code_fact -> . code_fact factor
    (33) code_fact -> . CODE factor
    (34) code_fact -> . code_fact SYMBOL
    (35) anglebrac_fact -> . anglebrac_fact factor
    (36) anglebrac_fact -> . LANGLEBRAC factor
    (37) anglebrac_fact -> . anglebrac_fact SYMBOL
    (40) name -> . name_fact RBOXBRAC
    (57) codeblock_fact -> . codeblock_fact factor
    (58) codeblock_fact -> . codeblock_fact CR factor
    (59) codeblock_fact -> . CODEBLOCK CR factor
    (60) codeblock_fact -> . CODEBLOCK factor
    (61) codeblock_fact -> . codeblock_fact SYMBOL
    (47) ulli -> . em_fact CR
    (48) ulli -> . ul_fact CR
    (54) olli -> . ol_fact CR
    (38) name_fact -> . name_fact factor
    (39) name_fact -> . LBOXBRAC factor
    (44) ul_fact -> . ul_fact factor
    (45) ul_fact -> . UL factor
    (46) ul_fact -> . ul_fact SYMBOL
    (51) ol_fact -> . ol_fact factor
    (52) ol_fact -> . OL factor
    (53) ol_fact -> . ol_fact SYMBOL

    H1              shift and go to state 28
    H2              shift and go to state 26
    H3              shift and go to state 27
    HR              shift and go to state 4
    H               shift and go to state 19
    UL              shift and go to state 29
    EM              shift and go to state 2
    TEXT            shift and go to state 5
    STRONG          shift and go to state 8
    CODE            shift and go to state 3
    LANGLEBRAC      shift and go to state 12
    CODEBLOCK       shift and go to state 15
    LBOXBRAC        shift and go to state 33
    OL              shift and go to state 21

    body                           shift and go to state 16
    em_fact                        shift and go to state 1
    ol                             shift and go to state 24
    name                           shift and go to state 25
    ol_fact                        shift and go to state 17
    hr                             shift and go to state 18
    strong_fact                    shift and go to state 10
    olli                           shift and go to state 11
    name_fact                      shift and go to state 20
    ul                             shift and go to state 9
    ulli                           shift and go to state 30
    anglebrac_fact                 shift and go to state 31
    code_fact                      shift and go to state 22
    statement                      shift and go to state 13
    factor                         shift and go to state 14
    phrase                         shift and go to state 7
    ul_fact                        shift and go to state 6
    expression                     shift and go to state 32
    codeblock_fact                 shift and go to state 23

state 1

    (19) phrase -> em_fact . EM
    (27) em_fact -> em_fact . factor
    (29) em_fact -> em_fact . SYMBOL
    (47) ulli -> em_fact . CR
    (62) factor -> . TEXT

    EM              shift and go to state 34
    SYMBOL          shift and go to state 35
    CR              shift and go to state 37
    TEXT            shift and go to state 5

    factor                         shift and go to state 36

state 2

    (30) hr -> EM . EM
    (28) em_fact -> EM . factor
    (62) factor -> . TEXT

    EM              shift and go to state 38
    TEXT            shift and go to state 5

    factor                         shift and go to state 39

state 3

    (33) code_fact -> CODE . factor
    (62) factor -> . TEXT

    TEXT            shift and go to state 5

    factor                         shift and go to state 40

state 4

    (8) expression -> HR . CR

    CR              shift and go to state 41


state 5

    (62) factor -> TEXT .

    CR              reduce using rule 62 (factor -> TEXT .)
    SYMBOL          reduce using rule 62 (factor -> TEXT .)
    TEXT            reduce using rule 62 (factor -> TEXT .)
    STRONG          reduce using rule 62 (factor -> TEXT .)
    EM              reduce using rule 62 (factor -> TEXT .)
    CODE            reduce using rule 62 (factor -> TEXT .)
    LANGLEBRAC      reduce using rule 62 (factor -> TEXT .)
    CODEBLOCK       reduce using rule 62 (factor -> TEXT .)
    LBOXBRAC        reduce using rule 62 (factor -> TEXT .)
    RBOXBRAC        reduce using rule 62 (factor -> TEXT .)
    RANGLEBRAC      reduce using rule 62 (factor -> TEXT .)
    RBRAC           reduce using rule 62 (factor -> TEXT .)


state 6

    (48) ulli -> ul_fact . CR
    (44) ul_fact -> ul_fact . factor
    (46) ul_fact -> ul_fact . SYMBOL
    (62) factor -> . TEXT

    CR              shift and go to state 42
    SYMBOL          shift and go to state 43
    TEXT            shift and go to state 5

    factor                         shift and go to state 44

state 7

    (4) expression -> phrase . CR
    (15) phrase -> phrase . factor
    (16) phrase -> phrase . SYMBOL
    (17) phrase -> phrase . phrase
    (62) factor -> . TEXT
    (14) phrase -> . factor
    (15) phrase -> . phrase factor
    (16) phrase -> . phrase SYMBOL
    (17) phrase -> . phrase phrase
    (18) phrase -> . strong_fact STRONG
    (19) phrase -> . em_fact EM
    (20) phrase -> . code_fact CODE
    (21) phrase -> . anglebrac_fact RANGLEBRAC
    (22) phrase -> . name brac_fact RBRAC
    (23) phrase -> . codeblock_fact CODEBLOCK
    (24) strong_fact -> . strong_fact factor
    (25) strong_fact -> . STRONG factor
    (26) strong_fact -> . strong_fact SYMBOL
    (27) em_fact -> . em_fact factor
    (28) em_fact -> . EM factor
    (29) em_fact -> . em_fact SYMBOL
    (32) code_fact -> . code_fact factor
    (33) code_fact -> . CODE factor
    (34) code_fact -> . code_fact SYMBOL
    (35) anglebrac_fact -> . anglebrac_fact factor
    (36) anglebrac_fact -> . LANGLEBRAC factor
    (37) anglebrac_fact -> . anglebrac_fact SYMBOL
    (40) name -> . name_fact RBOXBRAC
    (57) codeblock_fact -> . codeblock_fact factor
    (58) codeblock_fact -> . codeblock_fact CR factor
    (59) codeblock_fact -> . CODEBLOCK CR factor
    (60) codeblock_fact -> . CODEBLOCK factor
    (61) codeblock_fact -> . codeblock_fact SYMBOL
    (38) name_fact -> . name_fact factor
    (39) name_fact -> . LBOXBRAC factor

    CR              shift and go to state 50
    SYMBOL          shift and go to state 46
    TEXT            shift and go to state 5
    STRONG          shift and go to state 8
    EM              shift and go to state 49
    CODE            shift and go to state 3
    LANGLEBRAC      shift and go to state 12
    CODEBLOCK       shift and go to state 15
    LBOXBRAC        shift and go to state 33

    em_fact                        shift and go to state 45
    name                           shift and go to state 25
    strong_fact                    shift and go to state 10
    name_fact                      shift and go to state 20
    anglebrac_fact                 shift and go to state 31
    code_fact                      shift and go to state 22
    factor                         shift and go to state 48
    phrase                         shift and go to state 47
    codeblock_fact                 shift and go to state 23

state 8

    (25) strong_fact -> STRONG . factor
    (62) factor -> . TEXT

    TEXT            shift and go to state 5

    factor                         shift and go to state 51

state 9

    (12) expression -> ul .
    (49) ul -> ul . ulli
    (47) ulli -> . em_fact CR
    (48) ulli -> . ul_fact CR
    (27) em_fact -> . em_fact factor
    (28) em_fact -> . EM factor
    (29) em_fact -> . em_fact SYMBOL
    (44) ul_fact -> . ul_fact factor
    (45) ul_fact -> . UL factor
    (46) ul_fact -> . ul_fact SYMBOL

  ! shift/reduce conflict for EM resolved as shift
  ! shift/reduce conflict for UL resolved as shift
    H1              reduce using rule 12 (expression -> ul .)
    H2              reduce using rule 12 (expression -> ul .)
    H3              reduce using rule 12 (expression -> ul .)
    HR              reduce using rule 12 (expression -> ul .)
    H               reduce using rule 12 (expression -> ul .)
    TEXT            reduce using rule 12 (expression -> ul .)
    STRONG          reduce using rule 12 (expression -> ul .)
    CODE            reduce using rule 12 (expression -> ul .)
    LANGLEBRAC      reduce using rule 12 (expression -> ul .)
    CODEBLOCK       reduce using rule 12 (expression -> ul .)
    LBOXBRAC        reduce using rule 12 (expression -> ul .)
    OL              reduce using rule 12 (expression -> ul .)
    $end            reduce using rule 12 (expression -> ul .)
    EM              shift and go to state 49
    UL              shift and go to state 53

  ! UL              [ reduce using rule 12 (expression -> ul .) ]
  ! EM              [ reduce using rule 12 (expression -> ul .) ]

    em_fact                        shift and go to state 52
    ulli                           shift and go to state 54
    ul_fact                        shift and go to state 6

state 10

    (18) phrase -> strong_fact . STRONG
    (24) strong_fact -> strong_fact . factor
    (26) strong_fact -> strong_fact . SYMBOL
    (62) factor -> . TEXT

    STRONG          shift and go to state 56
    SYMBOL          shift and go to state 55
    TEXT            shift and go to state 5

    factor                         shift and go to state 57

state 11

    (56) ol -> olli .

    OL              reduce using rule 56 (ol -> olli .)
    H1              reduce using rule 56 (ol -> olli .)
    H2              reduce using rule 56 (ol -> olli .)
    H3              reduce using rule 56 (ol -> olli .)
    HR              reduce using rule 56 (ol -> olli .)
    H               reduce using rule 56 (ol -> olli .)
    UL              reduce using rule 56 (ol -> olli .)
    EM              reduce using rule 56 (ol -> olli .)
    TEXT            reduce using rule 56 (ol -> olli .)
    STRONG          reduce using rule 56 (ol -> olli .)
    CODE            reduce using rule 56 (ol -> olli .)
    LANGLEBRAC      reduce using rule 56 (ol -> olli .)
    CODEBLOCK       reduce using rule 56 (ol -> olli .)
    LBOXBRAC        reduce using rule 56 (ol -> olli .)
    $end            reduce using rule 56 (ol -> olli .)


state 12

    (36) anglebrac_fact -> LANGLEBRAC . factor
    (62) factor -> . TEXT

    TEXT            shift and go to state 5

    factor                         shift and go to state 58

state 13

    (1) body -> statement .
    (3) statement -> statement . expression
    (4) expression -> . phrase CR
    (5) expression -> . H1 phrase CR
    (6) expression -> . H2 phrase CR
    (7) expression -> . H3 phrase CR
    (8) expression -> . HR CR
    (9) expression -> . H CR
    (10) expression -> . hr CR
    (11) expression -> . UL phrase CR
    (12) expression -> . ul
    (13) expression -> . ol
    (14) phrase -> . factor
    (15) phrase -> . phrase factor
    (16) phrase -> . phrase SYMBOL
    (17) phrase -> . phrase phrase
    (18) phrase -> . strong_fact STRONG
    (19) phrase -> . em_fact EM
    (20) phrase -> . code_fact CODE
    (21) phrase -> . anglebrac_fact RANGLEBRAC
    (22) phrase -> . name brac_fact RBRAC
    (23) phrase -> . codeblock_fact CODEBLOCK
    (30) hr -> . EM EM
    (31) hr -> . hr EM
    (49) ul -> . ul ulli
    (50) ul -> . ulli
    (55) ol -> . ol olli
    (56) ol -> . olli
    (62) factor -> . TEXT
    (24) strong_fact -> . strong_fact factor
    (25) strong_fact -> . STRONG factor
    (26) strong_fact -> . strong_fact SYMBOL
    (27) em_fact -> . em_fact factor
    (28) em_fact -> . EM factor
    (29) em_fact -> . em_fact SYMBOL
    (32) code_fact -> . code_fact factor
    (33) code_fact -> . CODE factor
    (34) code_fact -> . code_fact SYMBOL
    (35) anglebrac_fact -> . anglebrac_fact factor
    (36) anglebrac_fact -> . LANGLEBRAC factor
    (37) anglebrac_fact -> . anglebrac_fact SYMBOL
    (40) name -> . name_fact RBOXBRAC
    (57) codeblock_fact -> . codeblock_fact factor
    (58) codeblock_fact -> . codeblock_fact CR factor
    (59) codeblock_fact -> . CODEBLOCK CR factor
    (60) codeblock_fact -> . CODEBLOCK factor
    (61) codeblock_fact -> . codeblock_fact SYMBOL
    (47) ulli -> . em_fact CR
    (48) ulli -> . ul_fact CR
    (54) olli -> . ol_fact CR
    (38) name_fact -> . name_fact factor
    (39) name_fact -> . LBOXBRAC factor
    (44) ul_fact -> . ul_fact factor
    (45) ul_fact -> . UL factor
    (46) ul_fact -> . ul_fact SYMBOL
    (51) ol_fact -> . ol_fact factor
    (52) ol_fact -> . OL factor
    (53) ol_fact -> . ol_fact SYMBOL

    $end            reduce using rule 1 (body -> statement .)
    H1              shift and go to state 28
    H2              shift and go to state 26
    H3              shift and go to state 27
    HR              shift and go to state 4
    H               shift and go to state 19
    UL              shift and go to state 29
    EM              shift and go to state 2
    TEXT            shift and go to state 5
    STRONG          shift and go to state 8
    CODE            shift and go to state 3
    LANGLEBRAC      shift and go to state 12
    CODEBLOCK       shift and go to state 15
    LBOXBRAC        shift and go to state 33
    OL              shift and go to state 21

    em_fact                        shift and go to state 1
    olli                           shift and go to state 11
    ol                             shift and go to state 24
    name                           shift and go to state 25
    ol_fact                        shift and go to state 17
    hr                             shift and go to state 18
    strong_fact                    shift and go to state 10
    name_fact                      shift and go to state 20
    ul                             shift and go to state 9
    ulli                           shift and go to state 30
    anglebrac_fact                 shift and go to state 31
    code_fact                      shift and go to state 22
    factor                         shift and go to state 14
    phrase                         shift and go to state 7
    ul_fact                        shift and go to state 6
    expression                     shift and go to state 59
    codeblock_fact                 shift and go to state 23

state 14

    (14) phrase -> factor .

    CR              reduce using rule 14 (phrase -> factor .)
    SYMBOL          reduce using rule 14 (phrase -> factor .)
    TEXT            reduce using rule 14 (phrase -> factor .)
    STRONG          reduce using rule 14 (phrase -> factor .)
    EM              reduce using rule 14 (phrase -> factor .)
    CODE            reduce using rule 14 (phrase -> factor .)
    LANGLEBRAC      reduce using rule 14 (phrase -> factor .)
    CODEBLOCK       reduce using rule 14 (phrase -> factor .)
    LBOXBRAC        reduce using rule 14 (phrase -> factor .)


state 15

    (59) codeblock_fact -> CODEBLOCK . CR factor
    (60) codeblock_fact -> CODEBLOCK . factor
    (62) factor -> . TEXT

    CR              shift and go to state 60
    TEXT            shift and go to state 5

    factor                         shift and go to state 61

state 16

    (0) S' -> body .



state 17

    (54) olli -> ol_fact . CR
    (51) ol_fact -> ol_fact . factor
    (53) ol_fact -> ol_fact . SYMBOL
    (62) factor -> . TEXT

    CR              shift and go to state 64
    SYMBOL          shift and go to state 62
    TEXT            shift and go to state 5

    factor                         shift and go to state 63

state 18

    (10) expression -> hr . CR
    (31) hr -> hr . EM

    CR              shift and go to state 65
    EM              shift and go to state 66


state 19

    (9) expression -> H . CR

    CR              shift and go to state 67


state 20

    (40) name -> name_fact . RBOXBRAC
    (38) name_fact -> name_fact . factor
    (62) factor -> . TEXT

    RBOXBRAC        shift and go to state 69
    TEXT            shift and go to state 5

    factor                         shift and go to state 68

state 21

    (52) ol_fact -> OL . factor
    (62) factor -> . TEXT

    TEXT            shift and go to state 5

    factor                         shift and go to state 70

state 22

    (20) phrase -> code_fact . CODE
    (32) code_fact -> code_fact . factor
    (34) code_fact -> code_fact . SYMBOL
    (62) factor -> . TEXT

    CODE            shift and go to state 72
    SYMBOL          shift and go to state 71
    TEXT            shift and go to state 5

    factor                         shift and go to state 73

state 23

    (23) phrase -> codeblock_fact . CODEBLOCK
    (57) codeblock_fact -> codeblock_fact . factor
    (58) codeblock_fact -> codeblock_fact . CR factor
    (61) codeblock_fact -> codeblock_fact . SYMBOL
    (62) factor -> . TEXT

    CODEBLOCK       shift and go to state 77
    CR              shift and go to state 76
    SYMBOL          shift and go to state 74
    TEXT            shift and go to state 5

    factor                         shift and go to state 75

state 24

    (13) expression -> ol .
    (55) ol -> ol . olli
    (54) olli -> . ol_fact CR
    (51) ol_fact -> . ol_fact factor
    (52) ol_fact -> . OL factor
    (53) ol_fact -> . ol_fact SYMBOL

  ! shift/reduce conflict for OL resolved as shift
    H1              reduce using rule 13 (expression -> ol .)
    H2              reduce using rule 13 (expression -> ol .)
    H3              reduce using rule 13 (expression -> ol .)
    HR              reduce using rule 13 (expression -> ol .)
    H               reduce using rule 13 (expression -> ol .)
    UL              reduce using rule 13 (expression -> ol .)
    EM              reduce using rule 13 (expression -> ol .)
    TEXT            reduce using rule 13 (expression -> ol .)
    STRONG          reduce using rule 13 (expression -> ol .)
    CODE            reduce using rule 13 (expression -> ol .)
    LANGLEBRAC      reduce using rule 13 (expression -> ol .)
    CODEBLOCK       reduce using rule 13 (expression -> ol .)
    LBOXBRAC        reduce using rule 13 (expression -> ol .)
    $end            reduce using rule 13 (expression -> ol .)
    OL              shift and go to state 21

  ! OL              [ reduce using rule 13 (expression -> ol .) ]

    olli                           shift and go to state 78
    ol_fact                        shift and go to state 17

state 25

    (22) phrase -> name . brac_fact RBRAC
    (41) brac_fact -> . brac_fact factor
    (42) brac_fact -> . LBRAC factor
    (43) brac_fact -> . brac_fact SYMBOL

    LBRAC           shift and go to state 79

    brac_fact                      shift and go to state 80

state 26

    (6) expression -> H2 . phrase CR
    (14) phrase -> . factor
    (15) phrase -> . phrase factor
    (16) phrase -> . phrase SYMBOL
    (17) phrase -> . phrase phrase
    (18) phrase -> . strong_fact STRONG
    (19) phrase -> . em_fact EM
    (20) phrase -> . code_fact CODE
    (21) phrase -> . anglebrac_fact RANGLEBRAC
    (22) phrase -> . name brac_fact RBRAC
    (23) phrase -> . codeblock_fact CODEBLOCK
    (62) factor -> . TEXT
    (24) strong_fact -> . strong_fact factor
    (25) strong_fact -> . STRONG factor
    (26) strong_fact -> . strong_fact SYMBOL
    (27) em_fact -> . em_fact factor
    (28) em_fact -> . EM factor
    (29) em_fact -> . em_fact SYMBOL
    (32) code_fact -> . code_fact factor
    (33) code_fact -> . CODE factor
    (34) code_fact -> . code_fact SYMBOL
    (35) anglebrac_fact -> . anglebrac_fact factor
    (36) anglebrac_fact -> . LANGLEBRAC factor
    (37) anglebrac_fact -> . anglebrac_fact SYMBOL
    (40) name -> . name_fact RBOXBRAC
    (57) codeblock_fact -> . codeblock_fact factor
    (58) codeblock_fact -> . codeblock_fact CR factor
    (59) codeblock_fact -> . CODEBLOCK CR factor
    (60) codeblock_fact -> . CODEBLOCK factor
    (61) codeblock_fact -> . codeblock_fact SYMBOL
    (38) name_fact -> . name_fact factor
    (39) name_fact -> . LBOXBRAC factor

    TEXT            shift and go to state 5
    STRONG          shift and go to state 8
    EM              shift and go to state 49
    CODE            shift and go to state 3
    LANGLEBRAC      shift and go to state 12
    CODEBLOCK       shift and go to state 15
    LBOXBRAC        shift and go to state 33

    em_fact                        shift and go to state 45
    name                           shift and go to state 25
    strong_fact                    shift and go to state 10
    name_fact                      shift and go to state 20
    anglebrac_fact                 shift and go to state 31
    code_fact                      shift and go to state 22
    factor                         shift and go to state 14
    phrase                         shift and go to state 81
    codeblock_fact                 shift and go to state 23

state 27

    (7) expression -> H3 . phrase CR
    (14) phrase -> . factor
    (15) phrase -> . phrase factor
    (16) phrase -> . phrase SYMBOL
    (17) phrase -> . phrase phrase
    (18) phrase -> . strong_fact STRONG
    (19) phrase -> . em_fact EM
    (20) phrase -> . code_fact CODE
    (21) phrase -> . anglebrac_fact RANGLEBRAC
    (22) phrase -> . name brac_fact RBRAC
    (23) phrase -> . codeblock_fact CODEBLOCK
    (62) factor -> . TEXT
    (24) strong_fact -> . strong_fact factor
    (25) strong_fact -> . STRONG factor
    (26) strong_fact -> . strong_fact SYMBOL
    (27) em_fact -> . em_fact factor
    (28) em_fact -> . EM factor
    (29) em_fact -> . em_fact SYMBOL
    (32) code_fact -> . code_fact factor
    (33) code_fact -> . CODE factor
    (34) code_fact -> . code_fact SYMBOL
    (35) anglebrac_fact -> . anglebrac_fact factor
    (36) anglebrac_fact -> . LANGLEBRAC factor
    (37) anglebrac_fact -> . anglebrac_fact SYMBOL
    (40) name -> . name_fact RBOXBRAC
    (57) codeblock_fact -> . codeblock_fact factor
    (58) codeblock_fact -> . codeblock_fact CR factor
    (59) codeblock_fact -> . CODEBLOCK CR factor
    (60) codeblock_fact -> . CODEBLOCK factor
    (61) codeblock_fact -> . codeblock_fact SYMBOL
    (38) name_fact -> . name_fact factor
    (39) name_fact -> . LBOXBRAC factor

    TEXT            shift and go to state 5
    STRONG          shift and go to state 8
    EM              shift and go to state 49
    CODE            shift and go to state 3
    LANGLEBRAC      shift and go to state 12
    CODEBLOCK       shift and go to state 15
    LBOXBRAC        shift and go to state 33

    em_fact                        shift and go to state 45
    name                           shift and go to state 25
    strong_fact                    shift and go to state 10
    name_fact                      shift and go to state 20
    anglebrac_fact                 shift and go to state 31
    code_fact                      shift and go to state 22
    factor                         shift and go to state 14
    phrase                         shift and go to state 82
    codeblock_fact                 shift and go to state 23

state 28

    (5) expression -> H1 . phrase CR
    (14) phrase -> . factor
    (15) phrase -> . phrase factor
    (16) phrase -> . phrase SYMBOL
    (17) phrase -> . phrase phrase
    (18) phrase -> . strong_fact STRONG
    (19) phrase -> . em_fact EM
    (20) phrase -> . code_fact CODE
    (21) phrase -> . anglebrac_fact RANGLEBRAC
    (22) phrase -> . name brac_fact RBRAC
    (23) phrase -> . codeblock_fact CODEBLOCK
    (62) factor -> . TEXT
    (24) strong_fact -> . strong_fact factor
    (25) strong_fact -> . STRONG factor
    (26) strong_fact -> . strong_fact SYMBOL
    (27) em_fact -> . em_fact factor
    (28) em_fact -> . EM factor
    (29) em_fact -> . em_fact SYMBOL
    (32) code_fact -> . code_fact factor
    (33) code_fact -> . CODE factor
    (34) code_fact -> . code_fact SYMBOL
    (35) anglebrac_fact -> . anglebrac_fact factor
    (36) anglebrac_fact -> . LANGLEBRAC factor
    (37) anglebrac_fact -> . anglebrac_fact SYMBOL
    (40) name -> . name_fact RBOXBRAC
    (57) codeblock_fact -> . codeblock_fact factor
    (58) codeblock_fact -> . codeblock_fact CR factor
    (59) codeblock_fact -> . CODEBLOCK CR factor
    (60) codeblock_fact -> . CODEBLOCK factor
    (61) codeblock_fact -> . codeblock_fact SYMBOL
    (38) name_fact -> . name_fact factor
    (39) name_fact -> . LBOXBRAC factor

    TEXT            shift and go to state 5
    STRONG          shift and go to state 8
    EM              shift and go to state 49
    CODE            shift and go to state 3
    LANGLEBRAC      shift and go to state 12
    CODEBLOCK       shift and go to state 15
    LBOXBRAC        shift and go to state 33

    em_fact                        shift and go to state 45
    name                           shift and go to state 25
    strong_fact                    shift and go to state 10
    name_fact                      shift and go to state 20
    anglebrac_fact                 shift and go to state 31
    code_fact                      shift and go to state 22
    factor                         shift and go to state 14
    phrase                         shift and go to state 83
    codeblock_fact                 shift and go to state 23

state 29

    (11) expression -> UL . phrase CR
    (45) ul_fact -> UL . factor
    (14) phrase -> . factor
    (15) phrase -> . phrase factor
    (16) phrase -> . phrase SYMBOL
    (17) phrase -> . phrase phrase
    (18) phrase -> . strong_fact STRONG
    (19) phrase -> . em_fact EM
    (20) phrase -> . code_fact CODE
    (21) phrase -> . anglebrac_fact RANGLEBRAC
    (22) phrase -> . name brac_fact RBRAC
    (23) phrase -> . codeblock_fact CODEBLOCK
    (62) factor -> . TEXT
    (24) strong_fact -> . strong_fact factor
    (25) strong_fact -> . STRONG factor
    (26) strong_fact -> . strong_fact SYMBOL
    (27) em_fact -> . em_fact factor
    (28) em_fact -> . EM factor
    (29) em_fact -> . em_fact SYMBOL
    (32) code_fact -> . code_fact factor
    (33) code_fact -> . CODE factor
    (34) code_fact -> . code_fact SYMBOL
    (35) anglebrac_fact -> . anglebrac_fact factor
    (36) anglebrac_fact -> . LANGLEBRAC factor
    (37) anglebrac_fact -> . anglebrac_fact SYMBOL
    (40) name -> . name_fact RBOXBRAC
    (57) codeblock_fact -> . codeblock_fact factor
    (58) codeblock_fact -> . codeblock_fact CR factor
    (59) codeblock_fact -> . CODEBLOCK CR factor
    (60) codeblock_fact -> . CODEBLOCK factor
    (61) codeblock_fact -> . codeblock_fact SYMBOL
    (38) name_fact -> . name_fact factor
    (39) name_fact -> . LBOXBRAC factor

    TEXT            shift and go to state 5
    STRONG          shift and go to state 8
    EM              shift and go to state 49
    CODE            shift and go to state 3
    LANGLEBRAC      shift and go to state 12
    CODEBLOCK       shift and go to state 15
    LBOXBRAC        shift and go to state 33

    em_fact                        shift and go to state 45
    name                           shift and go to state 25
    strong_fact                    shift and go to state 10
    name_fact                      shift and go to state 20
    anglebrac_fact                 shift and go to state 31
    code_fact                      shift and go to state 22
    factor                         shift and go to state 85
    phrase                         shift and go to state 84
    codeblock_fact                 shift and go to state 23

state 30

    (50) ul -> ulli .

    EM              reduce using rule 50 (ul -> ulli .)
    UL              reduce using rule 50 (ul -> ulli .)
    H1              reduce using rule 50 (ul -> ulli .)
    H2              reduce using rule 50 (ul -> ulli .)
    H3              reduce using rule 50 (ul -> ulli .)
    HR              reduce using rule 50 (ul -> ulli .)
    H               reduce using rule 50 (ul -> ulli .)
    TEXT            reduce using rule 50 (ul -> ulli .)
    STRONG          reduce using rule 50 (ul -> ulli .)
    CODE            reduce using rule 50 (ul -> ulli .)
    LANGLEBRAC      reduce using rule 50 (ul -> ulli .)
    CODEBLOCK       reduce using rule 50 (ul -> ulli .)
    LBOXBRAC        reduce using rule 50 (ul -> ulli .)
    OL              reduce using rule 50 (ul -> ulli .)
    $end            reduce using rule 50 (ul -> ulli .)


state 31

    (21) phrase -> anglebrac_fact . RANGLEBRAC
    (35) anglebrac_fact -> anglebrac_fact . factor
    (37) anglebrac_fact -> anglebrac_fact . SYMBOL
    (62) factor -> . TEXT

    RANGLEBRAC      shift and go to state 87
    SYMBOL          shift and go to state 86
    TEXT            shift and go to state 5

    factor                         shift and go to state 88

state 32

    (2) statement -> expression .

    H1              reduce using rule 2 (statement -> expression .)
    H2              reduce using rule 2 (statement -> expression .)
    H3              reduce using rule 2 (statement -> expression .)
    HR              reduce using rule 2 (statement -> expression .)
    H               reduce using rule 2 (statement -> expression .)
    UL              reduce using rule 2 (statement -> expression .)
    EM              reduce using rule 2 (statement -> expression .)
    TEXT            reduce using rule 2 (statement -> expression .)
    STRONG          reduce using rule 2 (statement -> expression .)
    CODE            reduce using rule 2 (statement -> expression .)
    LANGLEBRAC      reduce using rule 2 (statement -> expression .)
    CODEBLOCK       reduce using rule 2 (statement -> expression .)
    LBOXBRAC        reduce using rule 2 (statement -> expression .)
    OL              reduce using rule 2 (statement -> expression .)
    $end            reduce using rule 2 (statement -> expression .)


state 33

    (39) name_fact -> LBOXBRAC . factor
    (62) factor -> . TEXT

    TEXT            shift and go to state 5

    factor                         shift and go to state 89

state 34

    (19) phrase -> em_fact EM .

    SYMBOL          reduce using rule 19 (phrase -> em_fact EM .)
    TEXT            reduce using rule 19 (phrase -> em_fact EM .)
    STRONG          reduce using rule 19 (phrase -> em_fact EM .)
    EM              reduce using rule 19 (phrase -> em_fact EM .)
    CODE            reduce using rule 19 (phrase -> em_fact EM .)
    LANGLEBRAC      reduce using rule 19 (phrase -> em_fact EM .)
    CODEBLOCK       reduce using rule 19 (phrase -> em_fact EM .)
    LBOXBRAC        reduce using rule 19 (phrase -> em_fact EM .)
    CR              reduce using rule 19 (phrase -> em_fact EM .)


state 35

    (29) em_fact -> em_fact SYMBOL .

    EM              reduce using rule 29 (em_fact -> em_fact SYMBOL .)
    SYMBOL          reduce using rule 29 (em_fact -> em_fact SYMBOL .)
    TEXT            reduce using rule 29 (em_fact -> em_fact SYMBOL .)
    CR              reduce using rule 29 (em_fact -> em_fact SYMBOL .)


state 36

    (27) em_fact -> em_fact factor .

    EM              reduce using rule 27 (em_fact -> em_fact factor .)
    SYMBOL          reduce using rule 27 (em_fact -> em_fact factor .)
    TEXT            reduce using rule 27 (em_fact -> em_fact factor .)
    CR              reduce using rule 27 (em_fact -> em_fact factor .)


state 37

    (47) ulli -> em_fact CR .

    EM              reduce using rule 47 (ulli -> em_fact CR .)
    UL              reduce using rule 47 (ulli -> em_fact CR .)
    H1              reduce using rule 47 (ulli -> em_fact CR .)
    H2              reduce using rule 47 (ulli -> em_fact CR .)
    H3              reduce using rule 47 (ulli -> em_fact CR .)
    HR              reduce using rule 47 (ulli -> em_fact CR .)
    H               reduce using rule 47 (ulli -> em_fact CR .)
    TEXT            reduce using rule 47 (ulli -> em_fact CR .)
    STRONG          reduce using rule 47 (ulli -> em_fact CR .)
    CODE            reduce using rule 47 (ulli -> em_fact CR .)
    LANGLEBRAC      reduce using rule 47 (ulli -> em_fact CR .)
    CODEBLOCK       reduce using rule 47 (ulli -> em_fact CR .)
    LBOXBRAC        reduce using rule 47 (ulli -> em_fact CR .)
    OL              reduce using rule 47 (ulli -> em_fact CR .)
    $end            reduce using rule 47 (ulli -> em_fact CR .)


state 38

    (30) hr -> EM EM .

    CR              reduce using rule 30 (hr -> EM EM .)
    EM              reduce using rule 30 (hr -> EM EM .)


state 39

    (28) em_fact -> EM factor .

    EM              reduce using rule 28 (em_fact -> EM factor .)
    SYMBOL          reduce using rule 28 (em_fact -> EM factor .)
    TEXT            reduce using rule 28 (em_fact -> EM factor .)
    CR              reduce using rule 28 (em_fact -> EM factor .)


state 40

    (33) code_fact -> CODE factor .

    CODE            reduce using rule 33 (code_fact -> CODE factor .)
    SYMBOL          reduce using rule 33 (code_fact -> CODE factor .)
    TEXT            reduce using rule 33 (code_fact -> CODE factor .)


state 41

    (8) expression -> HR CR .

    H1              reduce using rule 8 (expression -> HR CR .)
    H2              reduce using rule 8 (expression -> HR CR .)
    H3              reduce using rule 8 (expression -> HR CR .)
    HR              reduce using rule 8 (expression -> HR CR .)
    H               reduce using rule 8 (expression -> HR CR .)
    UL              reduce using rule 8 (expression -> HR CR .)
    EM              reduce using rule 8 (expression -> HR CR .)
    TEXT            reduce using rule 8 (expression -> HR CR .)
    STRONG          reduce using rule 8 (expression -> HR CR .)
    CODE            reduce using rule 8 (expression -> HR CR .)
    LANGLEBRAC      reduce using rule 8 (expression -> HR CR .)
    CODEBLOCK       reduce using rule 8 (expression -> HR CR .)
    LBOXBRAC        reduce using rule 8 (expression -> HR CR .)
    OL              reduce using rule 8 (expression -> HR CR .)
    $end            reduce using rule 8 (expression -> HR CR .)


state 42

    (48) ulli -> ul_fact CR .

    EM              reduce using rule 48 (ulli -> ul_fact CR .)
    UL              reduce using rule 48 (ulli -> ul_fact CR .)
    H1              reduce using rule 48 (ulli -> ul_fact CR .)
    H2              reduce using rule 48 (ulli -> ul_fact CR .)
    H3              reduce using rule 48 (ulli -> ul_fact CR .)
    HR              reduce using rule 48 (ulli -> ul_fact CR .)
    H               reduce using rule 48 (ulli -> ul_fact CR .)
    TEXT            reduce using rule 48 (ulli -> ul_fact CR .)
    STRONG          reduce using rule 48 (ulli -> ul_fact CR .)
    CODE            reduce using rule 48 (ulli -> ul_fact CR .)
    LANGLEBRAC      reduce using rule 48 (ulli -> ul_fact CR .)
    CODEBLOCK       reduce using rule 48 (ulli -> ul_fact CR .)
    LBOXBRAC        reduce using rule 48 (ulli -> ul_fact CR .)
    OL              reduce using rule 48 (ulli -> ul_fact CR .)
    $end            reduce using rule 48 (ulli -> ul_fact CR .)


state 43

    (46) ul_fact -> ul_fact SYMBOL .

    CR              reduce using rule 46 (ul_fact -> ul_fact SYMBOL .)
    SYMBOL          reduce using rule 46 (ul_fact -> ul_fact SYMBOL .)
    TEXT            reduce using rule 46 (ul_fact -> ul_fact SYMBOL .)


state 44

    (44) ul_fact -> ul_fact factor .

    CR              reduce using rule 44 (ul_fact -> ul_fact factor .)
    SYMBOL          reduce using rule 44 (ul_fact -> ul_fact factor .)
    TEXT            reduce using rule 44 (ul_fact -> ul_fact factor .)


state 45

    (19) phrase -> em_fact . EM
    (27) em_fact -> em_fact . factor
    (29) em_fact -> em_fact . SYMBOL
    (62) factor -> . TEXT

    EM              shift and go to state 34
    SYMBOL          shift and go to state 35
    TEXT            shift and go to state 5

    factor                         shift and go to state 36

state 46

    (16) phrase -> phrase SYMBOL .

    SYMBOL          reduce using rule 16 (phrase -> phrase SYMBOL .)
    TEXT            reduce using rule 16 (phrase -> phrase SYMBOL .)
    STRONG          reduce using rule 16 (phrase -> phrase SYMBOL .)
    EM              reduce using rule 16 (phrase -> phrase SYMBOL .)
    CODE            reduce using rule 16 (phrase -> phrase SYMBOL .)
    LANGLEBRAC      reduce using rule 16 (phrase -> phrase SYMBOL .)
    CODEBLOCK       reduce using rule 16 (phrase -> phrase SYMBOL .)
    LBOXBRAC        reduce using rule 16 (phrase -> phrase SYMBOL .)
    CR              reduce using rule 16 (phrase -> phrase SYMBOL .)


state 47

    (17) phrase -> phrase phrase .
    (15) phrase -> phrase . factor
    (16) phrase -> phrase . SYMBOL
    (17) phrase -> phrase . phrase
    (62) factor -> . TEXT
    (14) phrase -> . factor
    (15) phrase -> . phrase factor
    (16) phrase -> . phrase SYMBOL
    (17) phrase -> . phrase phrase
    (18) phrase -> . strong_fact STRONG
    (19) phrase -> . em_fact EM
    (20) phrase -> . code_fact CODE
    (21) phrase -> . anglebrac_fact RANGLEBRAC
    (22) phrase -> . name brac_fact RBRAC
    (23) phrase -> . codeblock_fact CODEBLOCK
    (24) strong_fact -> . strong_fact factor
    (25) strong_fact -> . STRONG factor
    (26) strong_fact -> . strong_fact SYMBOL
    (27) em_fact -> . em_fact factor
    (28) em_fact -> . EM factor
    (29) em_fact -> . em_fact SYMBOL
    (32) code_fact -> . code_fact factor
    (33) code_fact -> . CODE factor
    (34) code_fact -> . code_fact SYMBOL
    (35) anglebrac_fact -> . anglebrac_fact factor
    (36) anglebrac_fact -> . LANGLEBRAC factor
    (37) anglebrac_fact -> . anglebrac_fact SYMBOL
    (40) name -> . name_fact RBOXBRAC
    (57) codeblock_fact -> . codeblock_fact factor
    (58) codeblock_fact -> . codeblock_fact CR factor
    (59) codeblock_fact -> . CODEBLOCK CR factor
    (60) codeblock_fact -> . CODEBLOCK factor
    (61) codeblock_fact -> . codeblock_fact SYMBOL
    (38) name_fact -> . name_fact factor
    (39) name_fact -> . LBOXBRAC factor

  ! shift/reduce conflict for SYMBOL resolved as shift
  ! shift/reduce conflict for TEXT resolved as shift
  ! shift/reduce conflict for STRONG resolved as shift
  ! shift/reduce conflict for EM resolved as shift
  ! shift/reduce conflict for CODE resolved as shift
  ! shift/reduce conflict for LANGLEBRAC resolved as shift
  ! shift/reduce conflict for CODEBLOCK resolved as shift
  ! shift/reduce conflict for LBOXBRAC resolved as shift
    CR              reduce using rule 17 (phrase -> phrase phrase .)
    SYMBOL          shift and go to state 46
    TEXT            shift and go to state 5
    STRONG          shift and go to state 8
    EM              shift and go to state 49
    CODE            shift and go to state 3
    LANGLEBRAC      shift and go to state 12
    CODEBLOCK       shift and go to state 15
    LBOXBRAC        shift and go to state 33

  ! SYMBOL          [ reduce using rule 17 (phrase -> phrase phrase .) ]
  ! TEXT            [ reduce using rule 17 (phrase -> phrase phrase .) ]
  ! STRONG          [ reduce using rule 17 (phrase -> phrase phrase .) ]
  ! EM              [ reduce using rule 17 (phrase -> phrase phrase .) ]
  ! CODE            [ reduce using rule 17 (phrase -> phrase phrase .) ]
  ! LANGLEBRAC      [ reduce using rule 17 (phrase -> phrase phrase .) ]
  ! CODEBLOCK       [ reduce using rule 17 (phrase -> phrase phrase .) ]
  ! LBOXBRAC        [ reduce using rule 17 (phrase -> phrase phrase .) ]

    em_fact                        shift and go to state 45
    name                           shift and go to state 25
    strong_fact                    shift and go to state 10
    name_fact                      shift and go to state 20
    anglebrac_fact                 shift and go to state 31
    code_fact                      shift and go to state 22
    factor                         shift and go to state 48
    phrase                         shift and go to state 47
    codeblock_fact                 shift and go to state 23

state 48

    (15) phrase -> phrase factor .
    (14) phrase -> factor .

  ! reduce/reduce conflict for SYMBOL resolved using rule 14 (phrase -> factor .)
  ! reduce/reduce conflict for TEXT resolved using rule 14 (phrase -> factor .)
  ! reduce/reduce conflict for STRONG resolved using rule 14 (phrase -> factor .)
  ! reduce/reduce conflict for EM resolved using rule 14 (phrase -> factor .)
  ! reduce/reduce conflict for CODE resolved using rule 14 (phrase -> factor .)
  ! reduce/reduce conflict for LANGLEBRAC resolved using rule 14 (phrase -> factor .)
  ! reduce/reduce conflict for CODEBLOCK resolved using rule 14 (phrase -> factor .)
  ! reduce/reduce conflict for LBOXBRAC resolved using rule 14 (phrase -> factor .)
  ! reduce/reduce conflict for CR resolved using rule 14 (phrase -> factor .)
    SYMBOL          reduce using rule 14 (phrase -> factor .)
    TEXT            reduce using rule 14 (phrase -> factor .)
    STRONG          reduce using rule 14 (phrase -> factor .)
    EM              reduce using rule 14 (phrase -> factor .)
    CODE            reduce using rule 14 (phrase -> factor .)
    LANGLEBRAC      reduce using rule 14 (phrase -> factor .)
    CODEBLOCK       reduce using rule 14 (phrase -> factor .)
    LBOXBRAC        reduce using rule 14 (phrase -> factor .)
    CR              reduce using rule 14 (phrase -> factor .)

  ! SYMBOL          [ reduce using rule 15 (phrase -> phrase factor .) ]
  ! TEXT            [ reduce using rule 15 (phrase -> phrase factor .) ]
  ! STRONG          [ reduce using rule 15 (phrase -> phrase factor .) ]
  ! EM              [ reduce using rule 15 (phrase -> phrase factor .) ]
  ! CODE            [ reduce using rule 15 (phrase -> phrase factor .) ]
  ! LANGLEBRAC      [ reduce using rule 15 (phrase -> phrase factor .) ]
  ! CODEBLOCK       [ reduce using rule 15 (phrase -> phrase factor .) ]
  ! LBOXBRAC        [ reduce using rule 15 (phrase -> phrase factor .) ]
  ! CR              [ reduce using rule 15 (phrase -> phrase factor .) ]


state 49

    (28) em_fact -> EM . factor
    (62) factor -> . TEXT

    TEXT            shift and go to state 5

    factor                         shift and go to state 39

state 50

    (4) expression -> phrase CR .

    H1              reduce using rule 4 (expression -> phrase CR .)
    H2              reduce using rule 4 (expression -> phrase CR .)
    H3              reduce using rule 4 (expression -> phrase CR .)
    HR              reduce using rule 4 (expression -> phrase CR .)
    H               reduce using rule 4 (expression -> phrase CR .)
    UL              reduce using rule 4 (expression -> phrase CR .)
    EM              reduce using rule 4 (expression -> phrase CR .)
    TEXT            reduce using rule 4 (expression -> phrase CR .)
    STRONG          reduce using rule 4 (expression -> phrase CR .)
    CODE            reduce using rule 4 (expression -> phrase CR .)
    LANGLEBRAC      reduce using rule 4 (expression -> phrase CR .)
    CODEBLOCK       reduce using rule 4 (expression -> phrase CR .)
    LBOXBRAC        reduce using rule 4 (expression -> phrase CR .)
    OL              reduce using rule 4 (expression -> phrase CR .)
    $end            reduce using rule 4 (expression -> phrase CR .)


state 51

    (25) strong_fact -> STRONG factor .

    STRONG          reduce using rule 25 (strong_fact -> STRONG factor .)
    SYMBOL          reduce using rule 25 (strong_fact -> STRONG factor .)
    TEXT            reduce using rule 25 (strong_fact -> STRONG factor .)


state 52

    (47) ulli -> em_fact . CR
    (27) em_fact -> em_fact . factor
    (29) em_fact -> em_fact . SYMBOL
    (62) factor -> . TEXT

    CR              shift and go to state 37
    SYMBOL          shift and go to state 35
    TEXT            shift and go to state 5

    factor                         shift and go to state 36

state 53

    (45) ul_fact -> UL . factor
    (62) factor -> . TEXT

    TEXT            shift and go to state 5

    factor                         shift and go to state 90

state 54

    (49) ul -> ul ulli .

    EM              reduce using rule 49 (ul -> ul ulli .)
    UL              reduce using rule 49 (ul -> ul ulli .)
    H1              reduce using rule 49 (ul -> ul ulli .)
    H2              reduce using rule 49 (ul -> ul ulli .)
    H3              reduce using rule 49 (ul -> ul ulli .)
    HR              reduce using rule 49 (ul -> ul ulli .)
    H               reduce using rule 49 (ul -> ul ulli .)
    TEXT            reduce using rule 49 (ul -> ul ulli .)
    STRONG          reduce using rule 49 (ul -> ul ulli .)
    CODE            reduce using rule 49 (ul -> ul ulli .)
    LANGLEBRAC      reduce using rule 49 (ul -> ul ulli .)
    CODEBLOCK       reduce using rule 49 (ul -> ul ulli .)
    LBOXBRAC        reduce using rule 49 (ul -> ul ulli .)
    OL              reduce using rule 49 (ul -> ul ulli .)
    $end            reduce using rule 49 (ul -> ul ulli .)


state 55

    (26) strong_fact -> strong_fact SYMBOL .

    STRONG          reduce using rule 26 (strong_fact -> strong_fact SYMBOL .)
    SYMBOL          reduce using rule 26 (strong_fact -> strong_fact SYMBOL .)
    TEXT            reduce using rule 26 (strong_fact -> strong_fact SYMBOL .)


state 56

    (18) phrase -> strong_fact STRONG .

    SYMBOL          reduce using rule 18 (phrase -> strong_fact STRONG .)
    TEXT            reduce using rule 18 (phrase -> strong_fact STRONG .)
    STRONG          reduce using rule 18 (phrase -> strong_fact STRONG .)
    EM              reduce using rule 18 (phrase -> strong_fact STRONG .)
    CODE            reduce using rule 18 (phrase -> strong_fact STRONG .)
    LANGLEBRAC      reduce using rule 18 (phrase -> strong_fact STRONG .)
    CODEBLOCK       reduce using rule 18 (phrase -> strong_fact STRONG .)
    LBOXBRAC        reduce using rule 18 (phrase -> strong_fact STRONG .)
    CR              reduce using rule 18 (phrase -> strong_fact STRONG .)


state 57

    (24) strong_fact -> strong_fact factor .

    STRONG          reduce using rule 24 (strong_fact -> strong_fact factor .)
    SYMBOL          reduce using rule 24 (strong_fact -> strong_fact factor .)
    TEXT            reduce using rule 24 (strong_fact -> strong_fact factor .)


state 58

    (36) anglebrac_fact -> LANGLEBRAC factor .

    RANGLEBRAC      reduce using rule 36 (anglebrac_fact -> LANGLEBRAC factor .)
    SYMBOL          reduce using rule 36 (anglebrac_fact -> LANGLEBRAC factor .)
    TEXT            reduce using rule 36 (anglebrac_fact -> LANGLEBRAC factor .)


state 59

    (3) statement -> statement expression .

    H1              reduce using rule 3 (statement -> statement expression .)
    H2              reduce using rule 3 (statement -> statement expression .)
    H3              reduce using rule 3 (statement -> statement expression .)
    HR              reduce using rule 3 (statement -> statement expression .)
    H               reduce using rule 3 (statement -> statement expression .)
    UL              reduce using rule 3 (statement -> statement expression .)
    EM              reduce using rule 3 (statement -> statement expression .)
    TEXT            reduce using rule 3 (statement -> statement expression .)
    STRONG          reduce using rule 3 (statement -> statement expression .)
    CODE            reduce using rule 3 (statement -> statement expression .)
    LANGLEBRAC      reduce using rule 3 (statement -> statement expression .)
    CODEBLOCK       reduce using rule 3 (statement -> statement expression .)
    LBOXBRAC        reduce using rule 3 (statement -> statement expression .)
    OL              reduce using rule 3 (statement -> statement expression .)
    $end            reduce using rule 3 (statement -> statement expression .)


state 60

    (59) codeblock_fact -> CODEBLOCK CR . factor
    (62) factor -> . TEXT

    TEXT            shift and go to state 5

    factor                         shift and go to state 91

state 61

    (60) codeblock_fact -> CODEBLOCK factor .

    CODEBLOCK       reduce using rule 60 (codeblock_fact -> CODEBLOCK factor .)
    CR              reduce using rule 60 (codeblock_fact -> CODEBLOCK factor .)
    SYMBOL          reduce using rule 60 (codeblock_fact -> CODEBLOCK factor .)
    TEXT            reduce using rule 60 (codeblock_fact -> CODEBLOCK factor .)


state 62

    (53) ol_fact -> ol_fact SYMBOL .

    CR              reduce using rule 53 (ol_fact -> ol_fact SYMBOL .)
    SYMBOL          reduce using rule 53 (ol_fact -> ol_fact SYMBOL .)
    TEXT            reduce using rule 53 (ol_fact -> ol_fact SYMBOL .)


state 63

    (51) ol_fact -> ol_fact factor .

    CR              reduce using rule 51 (ol_fact -> ol_fact factor .)
    SYMBOL          reduce using rule 51 (ol_fact -> ol_fact factor .)
    TEXT            reduce using rule 51 (ol_fact -> ol_fact factor .)


state 64

    (54) olli -> ol_fact CR .

    OL              reduce using rule 54 (olli -> ol_fact CR .)
    H1              reduce using rule 54 (olli -> ol_fact CR .)
    H2              reduce using rule 54 (olli -> ol_fact CR .)
    H3              reduce using rule 54 (olli -> ol_fact CR .)
    HR              reduce using rule 54 (olli -> ol_fact CR .)
    H               reduce using rule 54 (olli -> ol_fact CR .)
    UL              reduce using rule 54 (olli -> ol_fact CR .)
    EM              reduce using rule 54 (olli -> ol_fact CR .)
    TEXT            reduce using rule 54 (olli -> ol_fact CR .)
    STRONG          reduce using rule 54 (olli -> ol_fact CR .)
    CODE            reduce using rule 54 (olli -> ol_fact CR .)
    LANGLEBRAC      reduce using rule 54 (olli -> ol_fact CR .)
    CODEBLOCK       reduce using rule 54 (olli -> ol_fact CR .)
    LBOXBRAC        reduce using rule 54 (olli -> ol_fact CR .)
    $end            reduce using rule 54 (olli -> ol_fact CR .)


state 65

    (10) expression -> hr CR .

    H1              reduce using rule 10 (expression -> hr CR .)
    H2              reduce using rule 10 (expression -> hr CR .)
    H3              reduce using rule 10 (expression -> hr CR .)
    HR              reduce using rule 10 (expression -> hr CR .)
    H               reduce using rule 10 (expression -> hr CR .)
    UL              reduce using rule 10 (expression -> hr CR .)
    EM              reduce using rule 10 (expression -> hr CR .)
    TEXT            reduce using rule 10 (expression -> hr CR .)
    STRONG          reduce using rule 10 (expression -> hr CR .)
    CODE            reduce using rule 10 (expression -> hr CR .)
    LANGLEBRAC      reduce using rule 10 (expression -> hr CR .)
    CODEBLOCK       reduce using rule 10 (expression -> hr CR .)
    LBOXBRAC        reduce using rule 10 (expression -> hr CR .)
    OL              reduce using rule 10 (expression -> hr CR .)
    $end            reduce using rule 10 (expression -> hr CR .)


state 66

    (31) hr -> hr EM .

    CR              reduce using rule 31 (hr -> hr EM .)
    EM              reduce using rule 31 (hr -> hr EM .)


state 67

    (9) expression -> H CR .

    H1              reduce using rule 9 (expression -> H CR .)
    H2              reduce using rule 9 (expression -> H CR .)
    H3              reduce using rule 9 (expression -> H CR .)
    HR              reduce using rule 9 (expression -> H CR .)
    H               reduce using rule 9 (expression -> H CR .)
    UL              reduce using rule 9 (expression -> H CR .)
    EM              reduce using rule 9 (expression -> H CR .)
    TEXT            reduce using rule 9 (expression -> H CR .)
    STRONG          reduce using rule 9 (expression -> H CR .)
    CODE            reduce using rule 9 (expression -> H CR .)
    LANGLEBRAC      reduce using rule 9 (expression -> H CR .)
    CODEBLOCK       reduce using rule 9 (expression -> H CR .)
    LBOXBRAC        reduce using rule 9 (expression -> H CR .)
    OL              reduce using rule 9 (expression -> H CR .)
    $end            reduce using rule 9 (expression -> H CR .)


state 68

    (38) name_fact -> name_fact factor .

    RBOXBRAC        reduce using rule 38 (name_fact -> name_fact factor .)
    TEXT            reduce using rule 38 (name_fact -> name_fact factor .)


state 69

    (40) name -> name_fact RBOXBRAC .

    LBRAC           reduce using rule 40 (name -> name_fact RBOXBRAC .)


state 70

    (52) ol_fact -> OL factor .

    CR              reduce using rule 52 (ol_fact -> OL factor .)
    SYMBOL          reduce using rule 52 (ol_fact -> OL factor .)
    TEXT            reduce using rule 52 (ol_fact -> OL factor .)


state 71

    (34) code_fact -> code_fact SYMBOL .

    CODE            reduce using rule 34 (code_fact -> code_fact SYMBOL .)
    SYMBOL          reduce using rule 34 (code_fact -> code_fact SYMBOL .)
    TEXT            reduce using rule 34 (code_fact -> code_fact SYMBOL .)


state 72

    (20) phrase -> code_fact CODE .

    SYMBOL          reduce using rule 20 (phrase -> code_fact CODE .)
    TEXT            reduce using rule 20 (phrase -> code_fact CODE .)
    STRONG          reduce using rule 20 (phrase -> code_fact CODE .)
    EM              reduce using rule 20 (phrase -> code_fact CODE .)
    CODE            reduce using rule 20 (phrase -> code_fact CODE .)
    LANGLEBRAC      reduce using rule 20 (phrase -> code_fact CODE .)
    CODEBLOCK       reduce using rule 20 (phrase -> code_fact CODE .)
    LBOXBRAC        reduce using rule 20 (phrase -> code_fact CODE .)
    CR              reduce using rule 20 (phrase -> code_fact CODE .)


state 73

    (32) code_fact -> code_fact factor .

    CODE            reduce using rule 32 (code_fact -> code_fact factor .)
    SYMBOL          reduce using rule 32 (code_fact -> code_fact factor .)
    TEXT            reduce using rule 32 (code_fact -> code_fact factor .)


state 74

    (61) codeblock_fact -> codeblock_fact SYMBOL .

    CODEBLOCK       reduce using rule 61 (codeblock_fact -> codeblock_fact SYMBOL .)
    CR              reduce using rule 61 (codeblock_fact -> codeblock_fact SYMBOL .)
    SYMBOL          reduce using rule 61 (codeblock_fact -> codeblock_fact SYMBOL .)
    TEXT            reduce using rule 61 (codeblock_fact -> codeblock_fact SYMBOL .)


state 75

    (57) codeblock_fact -> codeblock_fact factor .

    CODEBLOCK       reduce using rule 57 (codeblock_fact -> codeblock_fact factor .)
    CR              reduce using rule 57 (codeblock_fact -> codeblock_fact factor .)
    SYMBOL          reduce using rule 57 (codeblock_fact -> codeblock_fact factor .)
    TEXT            reduce using rule 57 (codeblock_fact -> codeblock_fact factor .)


state 76

    (58) codeblock_fact -> codeblock_fact CR . factor
    (62) factor -> . TEXT

    TEXT            shift and go to state 5

    factor                         shift and go to state 92

state 77

    (23) phrase -> codeblock_fact CODEBLOCK .

    SYMBOL          reduce using rule 23 (phrase -> codeblock_fact CODEBLOCK .)
    TEXT            reduce using rule 23 (phrase -> codeblock_fact CODEBLOCK .)
    STRONG          reduce using rule 23 (phrase -> codeblock_fact CODEBLOCK .)
    EM              reduce using rule 23 (phrase -> codeblock_fact CODEBLOCK .)
    CODE            reduce using rule 23 (phrase -> codeblock_fact CODEBLOCK .)
    LANGLEBRAC      reduce using rule 23 (phrase -> codeblock_fact CODEBLOCK .)
    CODEBLOCK       reduce using rule 23 (phrase -> codeblock_fact CODEBLOCK .)
    LBOXBRAC        reduce using rule 23 (phrase -> codeblock_fact CODEBLOCK .)
    CR              reduce using rule 23 (phrase -> codeblock_fact CODEBLOCK .)


state 78

    (55) ol -> ol olli .

    OL              reduce using rule 55 (ol -> ol olli .)
    H1              reduce using rule 55 (ol -> ol olli .)
    H2              reduce using rule 55 (ol -> ol olli .)
    H3              reduce using rule 55 (ol -> ol olli .)
    HR              reduce using rule 55 (ol -> ol olli .)
    H               reduce using rule 55 (ol -> ol olli .)
    UL              reduce using rule 55 (ol -> ol olli .)
    EM              reduce using rule 55 (ol -> ol olli .)
    TEXT            reduce using rule 55 (ol -> ol olli .)
    STRONG          reduce using rule 55 (ol -> ol olli .)
    CODE            reduce using rule 55 (ol -> ol olli .)
    LANGLEBRAC      reduce using rule 55 (ol -> ol olli .)
    CODEBLOCK       reduce using rule 55 (ol -> ol olli .)
    LBOXBRAC        reduce using rule 55 (ol -> ol olli .)
    $end            reduce using rule 55 (ol -> ol olli .)


state 79

    (42) brac_fact -> LBRAC . factor
    (62) factor -> . TEXT

    TEXT            shift and go to state 5

    factor                         shift and go to state 93

state 80

    (22) phrase -> name brac_fact . RBRAC
    (41) brac_fact -> brac_fact . factor
    (43) brac_fact -> brac_fact . SYMBOL
    (62) factor -> . TEXT

    RBRAC           shift and go to state 94
    SYMBOL          shift and go to state 95
    TEXT            shift and go to state 5

    factor                         shift and go to state 96

state 81

    (6) expression -> H2 phrase . CR
    (15) phrase -> phrase . factor
    (16) phrase -> phrase . SYMBOL
    (17) phrase -> phrase . phrase
    (62) factor -> . TEXT
    (14) phrase -> . factor
    (15) phrase -> . phrase factor
    (16) phrase -> . phrase SYMBOL
    (17) phrase -> . phrase phrase
    (18) phrase -> . strong_fact STRONG
    (19) phrase -> . em_fact EM
    (20) phrase -> . code_fact CODE
    (21) phrase -> . anglebrac_fact RANGLEBRAC
    (22) phrase -> . name brac_fact RBRAC
    (23) phrase -> . codeblock_fact CODEBLOCK
    (24) strong_fact -> . strong_fact factor
    (25) strong_fact -> . STRONG factor
    (26) strong_fact -> . strong_fact SYMBOL
    (27) em_fact -> . em_fact factor
    (28) em_fact -> . EM factor
    (29) em_fact -> . em_fact SYMBOL
    (32) code_fact -> . code_fact factor
    (33) code_fact -> . CODE factor
    (34) code_fact -> . code_fact SYMBOL
    (35) anglebrac_fact -> . anglebrac_fact factor
    (36) anglebrac_fact -> . LANGLEBRAC factor
    (37) anglebrac_fact -> . anglebrac_fact SYMBOL
    (40) name -> . name_fact RBOXBRAC
    (57) codeblock_fact -> . codeblock_fact factor
    (58) codeblock_fact -> . codeblock_fact CR factor
    (59) codeblock_fact -> . CODEBLOCK CR factor
    (60) codeblock_fact -> . CODEBLOCK factor
    (61) codeblock_fact -> . codeblock_fact SYMBOL
    (38) name_fact -> . name_fact factor
    (39) name_fact -> . LBOXBRAC factor

    CR              shift and go to state 97
    SYMBOL          shift and go to state 46
    TEXT            shift and go to state 5
    STRONG          shift and go to state 8
    EM              shift and go to state 49
    CODE            shift and go to state 3
    LANGLEBRAC      shift and go to state 12
    CODEBLOCK       shift and go to state 15
    LBOXBRAC        shift and go to state 33

    em_fact                        shift and go to state 45
    name                           shift and go to state 25
    strong_fact                    shift and go to state 10
    name_fact                      shift and go to state 20
    anglebrac_fact                 shift and go to state 31
    code_fact                      shift and go to state 22
    factor                         shift and go to state 48
    phrase                         shift and go to state 47
    codeblock_fact                 shift and go to state 23

state 82

    (7) expression -> H3 phrase . CR
    (15) phrase -> phrase . factor
    (16) phrase -> phrase . SYMBOL
    (17) phrase -> phrase . phrase
    (62) factor -> . TEXT
    (14) phrase -> . factor
    (15) phrase -> . phrase factor
    (16) phrase -> . phrase SYMBOL
    (17) phrase -> . phrase phrase
    (18) phrase -> . strong_fact STRONG
    (19) phrase -> . em_fact EM
    (20) phrase -> . code_fact CODE
    (21) phrase -> . anglebrac_fact RANGLEBRAC
    (22) phrase -> . name brac_fact RBRAC
    (23) phrase -> . codeblock_fact CODEBLOCK
    (24) strong_fact -> . strong_fact factor
    (25) strong_fact -> . STRONG factor
    (26) strong_fact -> . strong_fact SYMBOL
    (27) em_fact -> . em_fact factor
    (28) em_fact -> . EM factor
    (29) em_fact -> . em_fact SYMBOL
    (32) code_fact -> . code_fact factor
    (33) code_fact -> . CODE factor
    (34) code_fact -> . code_fact SYMBOL
    (35) anglebrac_fact -> . anglebrac_fact factor
    (36) anglebrac_fact -> . LANGLEBRAC factor
    (37) anglebrac_fact -> . anglebrac_fact SYMBOL
    (40) name -> . name_fact RBOXBRAC
    (57) codeblock_fact -> . codeblock_fact factor
    (58) codeblock_fact -> . codeblock_fact CR factor
    (59) codeblock_fact -> . CODEBLOCK CR factor
    (60) codeblock_fact -> . CODEBLOCK factor
    (61) codeblock_fact -> . codeblock_fact SYMBOL
    (38) name_fact -> . name_fact factor
    (39) name_fact -> . LBOXBRAC factor

    CR              shift and go to state 98
    SYMBOL          shift and go to state 46
    TEXT            shift and go to state 5
    STRONG          shift and go to state 8
    EM              shift and go to state 49
    CODE            shift and go to state 3
    LANGLEBRAC      shift and go to state 12
    CODEBLOCK       shift and go to state 15
    LBOXBRAC        shift and go to state 33

    em_fact                        shift and go to state 45
    name                           shift and go to state 25
    strong_fact                    shift and go to state 10
    name_fact                      shift and go to state 20
    anglebrac_fact                 shift and go to state 31
    code_fact                      shift and go to state 22
    factor                         shift and go to state 48
    phrase                         shift and go to state 47
    codeblock_fact                 shift and go to state 23

state 83

    (5) expression -> H1 phrase . CR
    (15) phrase -> phrase . factor
    (16) phrase -> phrase . SYMBOL
    (17) phrase -> phrase . phrase
    (62) factor -> . TEXT
    (14) phrase -> . factor
    (15) phrase -> . phrase factor
    (16) phrase -> . phrase SYMBOL
    (17) phrase -> . phrase phrase
    (18) phrase -> . strong_fact STRONG
    (19) phrase -> . em_fact EM
    (20) phrase -> . code_fact CODE
    (21) phrase -> . anglebrac_fact RANGLEBRAC
    (22) phrase -> . name brac_fact RBRAC
    (23) phrase -> . codeblock_fact CODEBLOCK
    (24) strong_fact -> . strong_fact factor
    (25) strong_fact -> . STRONG factor
    (26) strong_fact -> . strong_fact SYMBOL
    (27) em_fact -> . em_fact factor
    (28) em_fact -> . EM factor
    (29) em_fact -> . em_fact SYMBOL
    (32) code_fact -> . code_fact factor
    (33) code_fact -> . CODE factor
    (34) code_fact -> . code_fact SYMBOL
    (35) anglebrac_fact -> . anglebrac_fact factor
    (36) anglebrac_fact -> . LANGLEBRAC factor
    (37) anglebrac_fact -> . anglebrac_fact SYMBOL
    (40) name -> . name_fact RBOXBRAC
    (57) codeblock_fact -> . codeblock_fact factor
    (58) codeblock_fact -> . codeblock_fact CR factor
    (59) codeblock_fact -> . CODEBLOCK CR factor
    (60) codeblock_fact -> . CODEBLOCK factor
    (61) codeblock_fact -> . codeblock_fact SYMBOL
    (38) name_fact -> . name_fact factor
    (39) name_fact -> . LBOXBRAC factor

    CR              shift and go to state 99
    SYMBOL          shift and go to state 46
    TEXT            shift and go to state 5
    STRONG          shift and go to state 8
    EM              shift and go to state 49
    CODE            shift and go to state 3
    LANGLEBRAC      shift and go to state 12
    CODEBLOCK       shift and go to state 15
    LBOXBRAC        shift and go to state 33

    em_fact                        shift and go to state 45
    name                           shift and go to state 25
    strong_fact                    shift and go to state 10
    name_fact                      shift and go to state 20
    anglebrac_fact                 shift and go to state 31
    code_fact                      shift and go to state 22
    factor                         shift and go to state 48
    phrase                         shift and go to state 47
    codeblock_fact                 shift and go to state 23

state 84

    (11) expression -> UL phrase . CR
    (15) phrase -> phrase . factor
    (16) phrase -> phrase . SYMBOL
    (17) phrase -> phrase . phrase
    (62) factor -> . TEXT
    (14) phrase -> . factor
    (15) phrase -> . phrase factor
    (16) phrase -> . phrase SYMBOL
    (17) phrase -> . phrase phrase
    (18) phrase -> . strong_fact STRONG
    (19) phrase -> . em_fact EM
    (20) phrase -> . code_fact CODE
    (21) phrase -> . anglebrac_fact RANGLEBRAC
    (22) phrase -> . name brac_fact RBRAC
    (23) phrase -> . codeblock_fact CODEBLOCK
    (24) strong_fact -> . strong_fact factor
    (25) strong_fact -> . STRONG factor
    (26) strong_fact -> . strong_fact SYMBOL
    (27) em_fact -> . em_fact factor
    (28) em_fact -> . EM factor
    (29) em_fact -> . em_fact SYMBOL
    (32) code_fact -> . code_fact factor
    (33) code_fact -> . CODE factor
    (34) code_fact -> . code_fact SYMBOL
    (35) anglebrac_fact -> . anglebrac_fact factor
    (36) anglebrac_fact -> . LANGLEBRAC factor
    (37) anglebrac_fact -> . anglebrac_fact SYMBOL
    (40) name -> . name_fact RBOXBRAC
    (57) codeblock_fact -> . codeblock_fact factor
    (58) codeblock_fact -> . codeblock_fact CR factor
    (59) codeblock_fact -> . CODEBLOCK CR factor
    (60) codeblock_fact -> . CODEBLOCK factor
    (61) codeblock_fact -> . codeblock_fact SYMBOL
    (38) name_fact -> . name_fact factor
    (39) name_fact -> . LBOXBRAC factor

    CR              shift and go to state 100
    SYMBOL          shift and go to state 46
    TEXT            shift and go to state 5
    STRONG          shift and go to state 8
    EM              shift and go to state 49
    CODE            shift and go to state 3
    LANGLEBRAC      shift and go to state 12
    CODEBLOCK       shift and go to state 15
    LBOXBRAC        shift and go to state 33

    em_fact                        shift and go to state 45
    name                           shift and go to state 25
    strong_fact                    shift and go to state 10
    name_fact                      shift and go to state 20
    anglebrac_fact                 shift and go to state 31
    code_fact                      shift and go to state 22
    factor                         shift and go to state 48
    phrase                         shift and go to state 47
    codeblock_fact                 shift and go to state 23

state 85

    (45) ul_fact -> UL factor .
    (14) phrase -> factor .

  ! reduce/reduce conflict for CR resolved using rule 14 (phrase -> factor .)
  ! reduce/reduce conflict for SYMBOL resolved using rule 14 (phrase -> factor .)
  ! reduce/reduce conflict for TEXT resolved using rule 14 (phrase -> factor .)
    CR              reduce using rule 14 (phrase -> factor .)
    SYMBOL          reduce using rule 14 (phrase -> factor .)
    TEXT            reduce using rule 14 (phrase -> factor .)
    STRONG          reduce using rule 14 (phrase -> factor .)
    EM              reduce using rule 14 (phrase -> factor .)
    CODE            reduce using rule 14 (phrase -> factor .)
    LANGLEBRAC      reduce using rule 14 (phrase -> factor .)
    CODEBLOCK       reduce using rule 14 (phrase -> factor .)
    LBOXBRAC        reduce using rule 14 (phrase -> factor .)

  ! CR              [ reduce using rule 45 (ul_fact -> UL factor .) ]
  ! SYMBOL          [ reduce using rule 45 (ul_fact -> UL factor .) ]
  ! TEXT            [ reduce using rule 45 (ul_fact -> UL factor .) ]


state 86

    (37) anglebrac_fact -> anglebrac_fact SYMBOL .

    RANGLEBRAC      reduce using rule 37 (anglebrac_fact -> anglebrac_fact SYMBOL .)
    SYMBOL          reduce using rule 37 (anglebrac_fact -> anglebrac_fact SYMBOL .)
    TEXT            reduce using rule 37 (anglebrac_fact -> anglebrac_fact SYMBOL .)


state 87

    (21) phrase -> anglebrac_fact RANGLEBRAC .

    SYMBOL          reduce using rule 21 (phrase -> anglebrac_fact RANGLEBRAC .)
    TEXT            reduce using rule 21 (phrase -> anglebrac_fact RANGLEBRAC .)
    STRONG          reduce using rule 21 (phrase -> anglebrac_fact RANGLEBRAC .)
    EM              reduce using rule 21 (phrase -> anglebrac_fact RANGLEBRAC .)
    CODE            reduce using rule 21 (phrase -> anglebrac_fact RANGLEBRAC .)
    LANGLEBRAC      reduce using rule 21 (phrase -> anglebrac_fact RANGLEBRAC .)
    CODEBLOCK       reduce using rule 21 (phrase -> anglebrac_fact RANGLEBRAC .)
    LBOXBRAC        reduce using rule 21 (phrase -> anglebrac_fact RANGLEBRAC .)
    CR              reduce using rule 21 (phrase -> anglebrac_fact RANGLEBRAC .)


state 88

    (35) anglebrac_fact -> anglebrac_fact factor .

    RANGLEBRAC      reduce using rule 35 (anglebrac_fact -> anglebrac_fact factor .)
    SYMBOL          reduce using rule 35 (anglebrac_fact -> anglebrac_fact factor .)
    TEXT            reduce using rule 35 (anglebrac_fact -> anglebrac_fact factor .)


state 89

    (39) name_fact -> LBOXBRAC factor .

    RBOXBRAC        reduce using rule 39 (name_fact -> LBOXBRAC factor .)
    TEXT            reduce using rule 39 (name_fact -> LBOXBRAC factor .)


state 90

    (45) ul_fact -> UL factor .

    CR              reduce using rule 45 (ul_fact -> UL factor .)
    SYMBOL          reduce using rule 45 (ul_fact -> UL factor .)
    TEXT            reduce using rule 45 (ul_fact -> UL factor .)


state 91

    (59) codeblock_fact -> CODEBLOCK CR factor .

    CODEBLOCK       reduce using rule 59 (codeblock_fact -> CODEBLOCK CR factor .)
    CR              reduce using rule 59 (codeblock_fact -> CODEBLOCK CR factor .)
    SYMBOL          reduce using rule 59 (codeblock_fact -> CODEBLOCK CR factor .)
    TEXT            reduce using rule 59 (codeblock_fact -> CODEBLOCK CR factor .)


state 92

    (58) codeblock_fact -> codeblock_fact CR factor .

    CODEBLOCK       reduce using rule 58 (codeblock_fact -> codeblock_fact CR factor .)
    CR              reduce using rule 58 (codeblock_fact -> codeblock_fact CR factor .)
    SYMBOL          reduce using rule 58 (codeblock_fact -> codeblock_fact CR factor .)
    TEXT            reduce using rule 58 (codeblock_fact -> codeblock_fact CR factor .)


state 93

    (42) brac_fact -> LBRAC factor .

    RBRAC           reduce using rule 42 (brac_fact -> LBRAC factor .)
    SYMBOL          reduce using rule 42 (brac_fact -> LBRAC factor .)
    TEXT            reduce using rule 42 (brac_fact -> LBRAC factor .)


state 94

    (22) phrase -> name brac_fact RBRAC .

    SYMBOL          reduce using rule 22 (phrase -> name brac_fact RBRAC .)
    TEXT            reduce using rule 22 (phrase -> name brac_fact RBRAC .)
    STRONG          reduce using rule 22 (phrase -> name brac_fact RBRAC .)
    EM              reduce using rule 22 (phrase -> name brac_fact RBRAC .)
    CODE            reduce using rule 22 (phrase -> name brac_fact RBRAC .)
    LANGLEBRAC      reduce using rule 22 (phrase -> name brac_fact RBRAC .)
    CODEBLOCK       reduce using rule 22 (phrase -> name brac_fact RBRAC .)
    LBOXBRAC        reduce using rule 22 (phrase -> name brac_fact RBRAC .)
    CR              reduce using rule 22 (phrase -> name brac_fact RBRAC .)


state 95

    (43) brac_fact -> brac_fact SYMBOL .

    RBRAC           reduce using rule 43 (brac_fact -> brac_fact SYMBOL .)
    SYMBOL          reduce using rule 43 (brac_fact -> brac_fact SYMBOL .)
    TEXT            reduce using rule 43 (brac_fact -> brac_fact SYMBOL .)


state 96

    (41) brac_fact -> brac_fact factor .

    RBRAC           reduce using rule 41 (brac_fact -> brac_fact factor .)
    SYMBOL          reduce using rule 41 (brac_fact -> brac_fact factor .)
    TEXT            reduce using rule 41 (brac_fact -> brac_fact factor .)


state 97

    (6) expression -> H2 phrase CR .

    H1              reduce using rule 6 (expression -> H2 phrase CR .)
    H2              reduce using rule 6 (expression -> H2 phrase CR .)
    H3              reduce using rule 6 (expression -> H2 phrase CR .)
    HR              reduce using rule 6 (expression -> H2 phrase CR .)
    H               reduce using rule 6 (expression -> H2 phrase CR .)
    UL              reduce using rule 6 (expression -> H2 phrase CR .)
    EM              reduce using rule 6 (expression -> H2 phrase CR .)
    TEXT            reduce using rule 6 (expression -> H2 phrase CR .)
    STRONG          reduce using rule 6 (expression -> H2 phrase CR .)
    CODE            reduce using rule 6 (expression -> H2 phrase CR .)
    LANGLEBRAC      reduce using rule 6 (expression -> H2 phrase CR .)
    CODEBLOCK       reduce using rule 6 (expression -> H2 phrase CR .)
    LBOXBRAC        reduce using rule 6 (expression -> H2 phrase CR .)
    OL              reduce using rule 6 (expression -> H2 phrase CR .)
    $end            reduce using rule 6 (expression -> H2 phrase CR .)


state 98

    (7) expression -> H3 phrase CR .

    H1              reduce using rule 7 (expression -> H3 phrase CR .)
    H2              reduce using rule 7 (expression -> H3 phrase CR .)
    H3              reduce using rule 7 (expression -> H3 phrase CR .)
    HR              reduce using rule 7 (expression -> H3 phrase CR .)
    H               reduce using rule 7 (expression -> H3 phrase CR .)
    UL              reduce using rule 7 (expression -> H3 phrase CR .)
    EM              reduce using rule 7 (expression -> H3 phrase CR .)
    TEXT            reduce using rule 7 (expression -> H3 phrase CR .)
    STRONG          reduce using rule 7 (expression -> H3 phrase CR .)
    CODE            reduce using rule 7 (expression -> H3 phrase CR .)
    LANGLEBRAC      reduce using rule 7 (expression -> H3 phrase CR .)
    CODEBLOCK       reduce using rule 7 (expression -> H3 phrase CR .)
    LBOXBRAC        reduce using rule 7 (expression -> H3 phrase CR .)
    OL              reduce using rule 7 (expression -> H3 phrase CR .)
    $end            reduce using rule 7 (expression -> H3 phrase CR .)


state 99

    (5) expression -> H1 phrase CR .

    H1              reduce using rule 5 (expression -> H1 phrase CR .)
    H2              reduce using rule 5 (expression -> H1 phrase CR .)
    H3              reduce using rule 5 (expression -> H1 phrase CR .)
    HR              reduce using rule 5 (expression -> H1 phrase CR .)
    H               reduce using rule 5 (expression -> H1 phrase CR .)
    UL              reduce using rule 5 (expression -> H1 phrase CR .)
    EM              reduce using rule 5 (expression -> H1 phrase CR .)
    TEXT            reduce using rule 5 (expression -> H1 phrase CR .)
    STRONG          reduce using rule 5 (expression -> H1 phrase CR .)
    CODE            reduce using rule 5 (expression -> H1 phrase CR .)
    LANGLEBRAC      reduce using rule 5 (expression -> H1 phrase CR .)
    CODEBLOCK       reduce using rule 5 (expression -> H1 phrase CR .)
    LBOXBRAC        reduce using rule 5 (expression -> H1 phrase CR .)
    OL              reduce using rule 5 (expression -> H1 phrase CR .)
    $end            reduce using rule 5 (expression -> H1 phrase CR .)


state 100

    (11) expression -> UL phrase CR .

    H1              reduce using rule 11 (expression -> UL phrase CR .)
    H2              reduce using rule 11 (expression -> UL phrase CR .)
    H3              reduce using rule 11 (expression -> UL phrase CR .)
    HR              reduce using rule 11 (expression -> UL phrase CR .)
    H               reduce using rule 11 (expression -> UL phrase CR .)
    UL              reduce using rule 11 (expression -> UL phrase CR .)
    EM              reduce using rule 11 (expression -> UL phrase CR .)
    TEXT            reduce using rule 11 (expression -> UL phrase CR .)
    STRONG          reduce using rule 11 (expression -> UL phrase CR .)
    CODE            reduce using rule 11 (expression -> UL phrase CR .)
    LANGLEBRAC      reduce using rule 11 (expression -> UL phrase CR .)
    CODEBLOCK       reduce using rule 11 (expression -> UL phrase CR .)
    LBOXBRAC        reduce using rule 11 (expression -> UL phrase CR .)
    OL              reduce using rule 11 (expression -> UL phrase CR .)
    $end            reduce using rule 11 (expression -> UL phrase CR .)

WARNING: 
WARNING: Conflicts:
WARNING: 
WARNING: shift/reduce conflict for EM in state 9 resolved as shift
WARNING: shift/reduce conflict for UL in state 9 resolved as shift
WARNING: shift/reduce conflict for OL in state 24 resolved as shift
WARNING: shift/reduce conflict for SYMBOL in state 47 resolved as shift
WARNING: shift/reduce conflict for TEXT in state 47 resolved as shift
WARNING: shift/reduce conflict for STRONG in state 47 resolved as shift
WARNING: shift/reduce conflict for EM in state 47 resolved as shift
WARNING: shift/reduce conflict for CODE in state 47 resolved as shift
WARNING: shift/reduce conflict for LANGLEBRAC in state 47 resolved as shift
WARNING: shift/reduce conflict for CODEBLOCK in state 47 resolved as shift
WARNING: shift/reduce conflict for LBOXBRAC in state 47 resolved as shift
WARNING: reduce/reduce conflict in state 48 resolved using rule (phrase -> factor)
WARNING: rejected rule (phrase -> phrase factor) in state 48
WARNING: reduce/reduce conflict in state 85 resolved using rule (phrase -> factor)
WARNING: rejected rule (ul_fact -> UL factor) in state 85
WARNING: Rule (phrase -> phrase factor) is never reduced
